[2023-04-22 09:29:48,274] {taskinstance.py:1159} INFO - Dependencies all met for <TaskInstance: market_data_alphavantage_dag.get_market_data manual__2023-04-22T09:24:35.837796+00:00 [queued]>
[2023-04-22 09:29:48,283] {taskinstance.py:1159} INFO - Dependencies all met for <TaskInstance: market_data_alphavantage_dag.get_market_data manual__2023-04-22T09:24:35.837796+00:00 [queued]>
[2023-04-22 09:29:48,284] {taskinstance.py:1356} INFO - 
--------------------------------------------------------------------------------
[2023-04-22 09:29:48,285] {taskinstance.py:1357} INFO - Starting attempt 2 of 2
[2023-04-22 09:29:48,285] {taskinstance.py:1358} INFO - 
--------------------------------------------------------------------------------
[2023-04-22 09:29:48,300] {taskinstance.py:1377} INFO - Executing <Task(PythonOperator): get_market_data> on 2023-04-22 09:24:35.837796+00:00
[2023-04-22 09:29:48,304] {standard_task_runner.py:52} INFO - Started process 639 to run task
[2023-04-22 09:29:48,307] {standard_task_runner.py:79} INFO - Running: ['***', 'tasks', 'run', 'market_data_alphavantage_dag', 'get_market_data', 'manual__2023-04-22T09:24:35.837796+00:00', '--job-id', '29', '--raw', '--subdir', 'DAGS_FOLDER/third.py', '--cfg-path', '/tmp/tmpfrghft_k', '--error-file', '/tmp/tmp0zv7vcvf']
[2023-04-22 09:29:48,307] {standard_task_runner.py:80} INFO - Job 29: Subtask get_market_data
[2023-04-22 09:29:48,356] {task_command.py:369} INFO - Running <TaskInstance: market_data_alphavantage_dag.get_market_data manual__2023-04-22T09:24:35.837796+00:00 [running]> on host 877f888c9ae3
[2023-04-22 09:29:48,431] {taskinstance.py:1571} INFO - Exporting the following env vars:
AIRFLOW_CTX_DAG_OWNER=***
AIRFLOW_CTX_DAG_ID=market_data_alphavantage_dag
AIRFLOW_CTX_TASK_ID=get_market_data
AIRFLOW_CTX_EXECUTION_DATE=2023-04-22T09:24:35.837796+00:00
AIRFLOW_CTX_TRY_NUMBER=2
AIRFLOW_CTX_DAG_RUN_ID=manual__2023-04-22T09:24:35.837796+00:00
[2023-04-22 09:29:48,432] {logging_mixin.py:115} INFO - IBM
[2023-04-22 09:29:49,453] {logging_mixin.py:115} INFO - AAMC
[2023-04-22 09:29:50,361] {logging_mixin.py:115} INFO - ABT
[2023-04-22 09:29:51,201] {logging_mixin.py:115} INFO - BDTX
[2023-04-22 09:29:51,680] {python.py:173} INFO - Done. Returned value was: None
[2023-04-22 09:29:51,692] {taskinstance.py:1400} INFO - Marking task as SUCCESS. dag_id=market_data_alphavantage_dag, task_id=get_market_data, execution_date=20230422T092435, start_date=20230422T092948, end_date=20230422T092951
[2023-04-22 09:29:51,743] {local_task_job.py:156} INFO - Task exited with return code 0
[2023-04-22 09:29:51,776] {local_task_job.py:273} INFO - 1 downstream tasks scheduled from follow-on schedule check
