[2023-04-21 11:06:49,688] {taskinstance.py:1159} INFO - Dependencies all met for <TaskInstance: First_DAG.bash_task_copy_data manual__2023-04-21T11:06:47.820120+00:00 [queued]>
[2023-04-21 11:06:49,697] {taskinstance.py:1159} INFO - Dependencies all met for <TaskInstance: First_DAG.bash_task_copy_data manual__2023-04-21T11:06:47.820120+00:00 [queued]>
[2023-04-21 11:06:49,698] {taskinstance.py:1356} INFO - 
--------------------------------------------------------------------------------
[2023-04-21 11:06:49,698] {taskinstance.py:1357} INFO - Starting attempt 1 of 2
[2023-04-21 11:06:49,699] {taskinstance.py:1358} INFO - 
--------------------------------------------------------------------------------
[2023-04-21 11:06:49,713] {taskinstance.py:1377} INFO - Executing <Task(BashOperator): bash_task_copy_data> on 2023-04-21 11:06:47.820120+00:00
[2023-04-21 11:06:49,716] {standard_task_runner.py:52} INFO - Started process 919 to run task
[2023-04-21 11:06:49,719] {standard_task_runner.py:79} INFO - Running: ['***', 'tasks', 'run', 'First_DAG', 'bash_task_copy_data', 'manual__2023-04-21T11:06:47.820120+00:00', '--job-id', '15', '--raw', '--subdir', 'DAGS_FOLDER/first.py', '--cfg-path', '/tmp/tmp7f7q4ps4', '--error-file', '/tmp/tmpqmro_5a2']
[2023-04-21 11:06:49,719] {standard_task_runner.py:80} INFO - Job 15: Subtask bash_task_copy_data
[2023-04-21 11:06:49,765] {task_command.py:369} INFO - Running <TaskInstance: First_DAG.bash_task_copy_data manual__2023-04-21T11:06:47.820120+00:00 [running]> on host 7b4a1553b0dc
[2023-04-21 11:06:49,825] {taskinstance.py:1571} INFO - Exporting the following env vars:
AIRFLOW_CTX_DAG_OWNER=***
AIRFLOW_CTX_DAG_ID=First_DAG
AIRFLOW_CTX_TASK_ID=bash_task_copy_data
AIRFLOW_CTX_EXECUTION_DATE=2023-04-21T11:06:47.820120+00:00
AIRFLOW_CTX_TRY_NUMBER=1
AIRFLOW_CTX_DAG_RUN_ID=manual__2023-04-21T11:06:47.820120+00:00
[2023-04-21 11:06:49,827] {subprocess.py:62} INFO - Tmp dir root location: 
 /tmp
[2023-04-21 11:06:49,828] {subprocess.py:74} INFO - Running command: ['bash', '-c', 'cp /opt/***/data/DATA_CENTER/DATA_LAKE/dataset_raw.txt /opt/***/data/DATA_CENTER/CLEAN_DATA']
[2023-04-21 11:06:49,835] {subprocess.py:85} INFO - Output:
[2023-04-21 11:06:49,858] {subprocess.py:96} INFO - Command exited with return code 0
[2023-04-21 11:06:49,883] {taskinstance.py:1400} INFO - Marking task as SUCCESS. dag_id=First_DAG, task_id=bash_task_copy_data, execution_date=20230421T110647, start_date=20230421T110649, end_date=20230421T110649
[2023-04-21 11:06:49,932] {local_task_job.py:156} INFO - Task exited with return code 0
[2023-04-21 11:06:49,963] {local_task_job.py:273} INFO - 1 downstream tasks scheduled from follow-on schedule check
