[2023-04-20 21:42:55,556] {taskinstance.py:1159} INFO - Dependencies all met for <TaskInstance: example_bash_operator.run_after_loop manual__2023-04-20T21:42:51.569802+00:00 [queued]>
[2023-04-20 21:42:55,564] {taskinstance.py:1159} INFO - Dependencies all met for <TaskInstance: example_bash_operator.run_after_loop manual__2023-04-20T21:42:51.569802+00:00 [queued]>
[2023-04-20 21:42:55,565] {taskinstance.py:1356} INFO - 
--------------------------------------------------------------------------------
[2023-04-20 21:42:55,567] {taskinstance.py:1357} INFO - Starting attempt 1 of 1
[2023-04-20 21:42:55,567] {taskinstance.py:1358} INFO - 
--------------------------------------------------------------------------------
[2023-04-20 21:42:55,580] {taskinstance.py:1377} INFO - Executing <Task(BashOperator): run_after_loop> on 2023-04-20 21:42:51.569802+00:00
[2023-04-20 21:42:55,584] {standard_task_runner.py:52} INFO - Started process 210 to run task
[2023-04-20 21:42:55,586] {standard_task_runner.py:79} INFO - Running: ['***', 'tasks', 'run', 'example_bash_operator', 'run_after_loop', 'manual__2023-04-20T21:42:51.569802+00:00', '--job-id', '16', '--raw', '--subdir', '/home/***/.local/lib/python3.7/site-packages/***/example_dags/example_bash_operator.py', '--cfg-path', '/tmp/tmp_o703zcd', '--error-file', '/tmp/tmpu5x33mdt']
[2023-04-20 21:42:55,587] {standard_task_runner.py:80} INFO - Job 16: Subtask run_after_loop
[2023-04-20 21:42:55,631] {task_command.py:369} INFO - Running <TaskInstance: example_bash_operator.run_after_loop manual__2023-04-20T21:42:51.569802+00:00 [running]> on host 781293c960a3
[2023-04-20 21:42:55,694] {taskinstance.py:1571} INFO - Exporting the following env vars:
AIRFLOW_CTX_DAG_OWNER=***
AIRFLOW_CTX_DAG_ID=example_bash_operator
AIRFLOW_CTX_TASK_ID=run_after_loop
AIRFLOW_CTX_EXECUTION_DATE=2023-04-20T21:42:51.569802+00:00
AIRFLOW_CTX_TRY_NUMBER=1
AIRFLOW_CTX_DAG_RUN_ID=manual__2023-04-20T21:42:51.569802+00:00
[2023-04-20 21:42:55,695] {subprocess.py:62} INFO - Tmp dir root location: 
 /tmp
[2023-04-20 21:42:55,696] {subprocess.py:74} INFO - Running command: ['bash', '-c', 'echo 1']
[2023-04-20 21:42:55,703] {subprocess.py:85} INFO - Output:
[2023-04-20 21:42:55,704] {subprocess.py:92} INFO - 1
[2023-04-20 21:42:55,704] {subprocess.py:96} INFO - Command exited with return code 0
[2023-04-20 21:42:55,730] {taskinstance.py:1400} INFO - Marking task as SUCCESS. dag_id=example_bash_operator, task_id=run_after_loop, execution_date=20230420T214251, start_date=20230420T214255, end_date=20230420T214255
[2023-04-20 21:42:55,760] {local_task_job.py:156} INFO - Task exited with return code 0
[2023-04-20 21:42:55,790] {local_task_job.py:273} INFO - 0 downstream tasks scheduled from follow-on schedule check
