[2023-04-21 10:40:05,076] {taskinstance.py:1159} INFO - Dependencies all met for <TaskInstance: First_DAG.bash_task manual__2023-04-21T10:40:03.710972+00:00 [queued]>
[2023-04-21 10:40:05,085] {taskinstance.py:1159} INFO - Dependencies all met for <TaskInstance: First_DAG.bash_task manual__2023-04-21T10:40:03.710972+00:00 [queued]>
[2023-04-21 10:40:05,086] {taskinstance.py:1356} INFO - 
--------------------------------------------------------------------------------
[2023-04-21 10:40:05,086] {taskinstance.py:1357} INFO - Starting attempt 1 of 2
[2023-04-21 10:40:05,087] {taskinstance.py:1358} INFO - 
--------------------------------------------------------------------------------
[2023-04-21 10:40:05,099] {taskinstance.py:1377} INFO - Executing <Task(BashOperator): bash_task> on 2023-04-21 10:40:03.710972+00:00
[2023-04-21 10:40:05,104] {standard_task_runner.py:52} INFO - Started process 364 to run task
[2023-04-21 10:40:05,107] {standard_task_runner.py:79} INFO - Running: ['***', 'tasks', 'run', 'First_DAG', 'bash_task', 'manual__2023-04-21T10:40:03.710972+00:00', '--job-id', '27', '--raw', '--subdir', 'DAGS_FOLDER/first.py', '--cfg-path', '/tmp/tmpiovv953z', '--error-file', '/tmp/tmpkj7xeq90']
[2023-04-21 10:40:05,107] {standard_task_runner.py:80} INFO - Job 27: Subtask bash_task
[2023-04-21 10:40:05,160] {task_command.py:369} INFO - Running <TaskInstance: First_DAG.bash_task manual__2023-04-21T10:40:03.710972+00:00 [running]> on host 9975a0282eea
[2023-04-21 10:40:05,231] {taskinstance.py:1571} INFO - Exporting the following env vars:
AIRFLOW_CTX_DAG_OWNER=***
AIRFLOW_CTX_DAG_ID=First_DAG
AIRFLOW_CTX_TASK_ID=bash_task
AIRFLOW_CTX_EXECUTION_DATE=2023-04-21T10:40:03.710972+00:00
AIRFLOW_CTX_TRY_NUMBER=1
AIRFLOW_CTX_DAG_RUN_ID=manual__2023-04-21T10:40:03.710972+00:00
[2023-04-21 10:40:05,232] {subprocess.py:62} INFO - Tmp dir root location: 
 /tmp
[2023-04-21 10:40:05,233] {subprocess.py:74} INFO - Running command: ['bash', '-c', "echo 'command executed from BashOperator'"]
[2023-04-21 10:40:05,241] {subprocess.py:85} INFO - Output:
[2023-04-21 10:40:05,242] {subprocess.py:92} INFO - command executed from BashOperator
[2023-04-21 10:40:05,243] {subprocess.py:96} INFO - Command exited with return code 0
[2023-04-21 10:40:05,270] {taskinstance.py:1400} INFO - Marking task as SUCCESS. dag_id=First_DAG, task_id=bash_task, execution_date=20230421T104003, start_date=20230421T104005, end_date=20230421T104005
[2023-04-21 10:40:05,319] {local_task_job.py:156} INFO - Task exited with return code 0
[2023-04-21 10:40:05,362] {local_task_job.py:273} INFO - 1 downstream tasks scheduled from follow-on schedule check
