[2023-04-21 00:00:00,649] {taskinstance.py:1159} INFO - Dependencies all met for <TaskInstance: example_bash_operator.runme_2 scheduled__2023-04-20T00:00:00+00:00 [queued]>
[2023-04-21 00:00:00,658] {taskinstance.py:1159} INFO - Dependencies all met for <TaskInstance: example_bash_operator.runme_2 scheduled__2023-04-20T00:00:00+00:00 [queued]>
[2023-04-21 00:00:00,659] {taskinstance.py:1356} INFO - 
--------------------------------------------------------------------------------
[2023-04-21 00:00:00,659] {taskinstance.py:1357} INFO - Starting attempt 1 of 1
[2023-04-21 00:00:00,660] {taskinstance.py:1358} INFO - 
--------------------------------------------------------------------------------
[2023-04-21 00:00:00,676] {taskinstance.py:1377} INFO - Executing <Task(BashOperator): runme_2> on 2023-04-20 00:00:00+00:00
[2023-04-21 00:00:00,679] {standard_task_runner.py:52} INFO - Started process 6826 to run task
[2023-04-21 00:00:00,682] {standard_task_runner.py:79} INFO - Running: ['***', 'tasks', 'run', 'example_bash_operator', 'runme_2', 'scheduled__2023-04-20T00:00:00+00:00', '--job-id', '18', '--raw', '--subdir', '/home/***/.local/lib/python3.7/site-packages/***/example_dags/example_bash_operator.py', '--cfg-path', '/tmp/tmpmfqjt_61', '--error-file', '/tmp/tmpchft6f85']
[2023-04-21 00:00:00,683] {standard_task_runner.py:80} INFO - Job 18: Subtask runme_2
[2023-04-21 00:00:00,744] {task_command.py:369} INFO - Running <TaskInstance: example_bash_operator.runme_2 scheduled__2023-04-20T00:00:00+00:00 [running]> on host 781293c960a3
[2023-04-21 00:00:00,822] {taskinstance.py:1571} INFO - Exporting the following env vars:
AIRFLOW_CTX_DAG_OWNER=***
AIRFLOW_CTX_DAG_ID=example_bash_operator
AIRFLOW_CTX_TASK_ID=runme_2
AIRFLOW_CTX_EXECUTION_DATE=2023-04-20T00:00:00+00:00
AIRFLOW_CTX_TRY_NUMBER=1
AIRFLOW_CTX_DAG_RUN_ID=scheduled__2023-04-20T00:00:00+00:00
[2023-04-21 00:00:00,823] {subprocess.py:62} INFO - Tmp dir root location: 
 /tmp
[2023-04-21 00:00:00,824] {subprocess.py:74} INFO - Running command: ['bash', '-c', 'echo "example_bash_operator__runme_2__20230420" && sleep 1']
[2023-04-21 00:00:00,831] {subprocess.py:85} INFO - Output:
[2023-04-21 00:00:00,833] {subprocess.py:92} INFO - example_bash_operator__runme_2__20230420
[2023-04-21 00:00:01,834] {subprocess.py:96} INFO - Command exited with return code 0
[2023-04-21 00:00:01,862] {taskinstance.py:1400} INFO - Marking task as SUCCESS. dag_id=example_bash_operator, task_id=runme_2, execution_date=20230420T000000, start_date=20230421T000000, end_date=20230421T000001
[2023-04-21 00:00:01,898] {local_task_job.py:156} INFO - Task exited with return code 0
[2023-04-21 00:00:01,941] {local_task_job.py:273} INFO - 0 downstream tasks scheduled from follow-on schedule check
