[2023-04-21 10:36:13,043] {taskinstance.py:1159} INFO - Dependencies all met for <TaskInstance: First_DAG.bash_task manual__2023-04-21T10:36:11.519484+00:00 [queued]>
[2023-04-21 10:36:13,054] {taskinstance.py:1159} INFO - Dependencies all met for <TaskInstance: First_DAG.bash_task manual__2023-04-21T10:36:11.519484+00:00 [queued]>
[2023-04-21 10:36:13,055] {taskinstance.py:1356} INFO - 
--------------------------------------------------------------------------------
[2023-04-21 10:36:13,056] {taskinstance.py:1357} INFO - Starting attempt 1 of 2
[2023-04-21 10:36:13,057] {taskinstance.py:1358} INFO - 
--------------------------------------------------------------------------------
[2023-04-21 10:36:13,074] {taskinstance.py:1377} INFO - Executing <Task(BashOperator): bash_task> on 2023-04-21 10:36:11.519484+00:00
[2023-04-21 10:36:13,079] {standard_task_runner.py:52} INFO - Started process 169 to run task
[2023-04-21 10:36:13,082] {standard_task_runner.py:79} INFO - Running: ['***', 'tasks', 'run', 'First_DAG', 'bash_task', 'manual__2023-04-21T10:36:11.519484+00:00', '--job-id', '25', '--raw', '--subdir', 'DAGS_FOLDER/first.py', '--cfg-path', '/tmp/tmpguwqekvw', '--error-file', '/tmp/tmp9a2equ2f']
[2023-04-21 10:36:13,083] {standard_task_runner.py:80} INFO - Job 25: Subtask bash_task
[2023-04-21 10:36:13,145] {task_command.py:369} INFO - Running <TaskInstance: First_DAG.bash_task manual__2023-04-21T10:36:11.519484+00:00 [running]> on host 9975a0282eea
[2023-04-21 10:36:13,222] {taskinstance.py:1571} INFO - Exporting the following env vars:
AIRFLOW_CTX_DAG_OWNER=***
AIRFLOW_CTX_DAG_ID=First_DAG
AIRFLOW_CTX_TASK_ID=bash_task
AIRFLOW_CTX_EXECUTION_DATE=2023-04-21T10:36:11.519484+00:00
AIRFLOW_CTX_TRY_NUMBER=1
AIRFLOW_CTX_DAG_RUN_ID=manual__2023-04-21T10:36:11.519484+00:00
[2023-04-21 10:36:13,224] {subprocess.py:62} INFO - Tmp dir root location: 
 /tmp
[2023-04-21 10:36:13,225] {subprocess.py:74} INFO - Running command: ['bash', '-c', "echo 'command executed from BashOperator'"]
[2023-04-21 10:36:13,234] {subprocess.py:85} INFO - Output:
[2023-04-21 10:36:13,235] {subprocess.py:92} INFO - command executed from BashOperator
[2023-04-21 10:36:13,236] {subprocess.py:96} INFO - Command exited with return code 0
[2023-04-21 10:36:13,269] {taskinstance.py:1400} INFO - Marking task as SUCCESS. dag_id=First_DAG, task_id=bash_task, execution_date=20230421T103611, start_date=20230421T103613, end_date=20230421T103613
[2023-04-21 10:36:13,296] {local_task_job.py:156} INFO - Task exited with return code 0
[2023-04-21 10:36:13,341] {local_task_job.py:273} INFO - 1 downstream tasks scheduled from follow-on schedule check
