[2023-04-21 00:00:00,590] {taskinstance.py:1159} INFO - Dependencies all met for <TaskInstance: example_bash_operator.this_will_skip scheduled__2023-04-20T00:00:00+00:00 [queued]>
[2023-04-21 00:00:00,597] {taskinstance.py:1159} INFO - Dependencies all met for <TaskInstance: example_bash_operator.this_will_skip scheduled__2023-04-20T00:00:00+00:00 [queued]>
[2023-04-21 00:00:00,597] {taskinstance.py:1356} INFO - 
--------------------------------------------------------------------------------
[2023-04-21 00:00:00,598] {taskinstance.py:1357} INFO - Starting attempt 1 of 1
[2023-04-21 00:00:00,598] {taskinstance.py:1358} INFO - 
--------------------------------------------------------------------------------
[2023-04-21 00:00:00,611] {taskinstance.py:1377} INFO - Executing <Task(BashOperator): this_will_skip> on 2023-04-20 00:00:00+00:00
[2023-04-21 00:00:00,615] {standard_task_runner.py:52} INFO - Started process 6824 to run task
[2023-04-21 00:00:00,618] {standard_task_runner.py:79} INFO - Running: ['***', 'tasks', 'run', 'example_bash_operator', 'this_will_skip', 'scheduled__2023-04-20T00:00:00+00:00', '--job-id', '17', '--raw', '--subdir', '/home/***/.local/lib/python3.7/site-packages/***/example_dags/example_bash_operator.py', '--cfg-path', '/tmp/tmplmjv9v8d', '--error-file', '/tmp/tmpm243xhn8']
[2023-04-21 00:00:00,619] {standard_task_runner.py:80} INFO - Job 17: Subtask this_will_skip
[2023-04-21 00:00:00,670] {task_command.py:369} INFO - Running <TaskInstance: example_bash_operator.this_will_skip scheduled__2023-04-20T00:00:00+00:00 [running]> on host 781293c960a3
[2023-04-21 00:00:00,746] {taskinstance.py:1571} INFO - Exporting the following env vars:
AIRFLOW_CTX_DAG_OWNER=***
AIRFLOW_CTX_DAG_ID=example_bash_operator
AIRFLOW_CTX_TASK_ID=this_will_skip
AIRFLOW_CTX_EXECUTION_DATE=2023-04-20T00:00:00+00:00
AIRFLOW_CTX_TRY_NUMBER=1
AIRFLOW_CTX_DAG_RUN_ID=scheduled__2023-04-20T00:00:00+00:00
[2023-04-21 00:00:00,747] {subprocess.py:62} INFO - Tmp dir root location: 
 /tmp
[2023-04-21 00:00:00,749] {subprocess.py:74} INFO - Running command: ['bash', '-c', 'echo "hello world"; exit 99;']
[2023-04-21 00:00:00,759] {subprocess.py:85} INFO - Output:
[2023-04-21 00:00:00,761] {subprocess.py:92} INFO - hello world
[2023-04-21 00:00:00,762] {subprocess.py:96} INFO - Command exited with return code 99
[2023-04-21 00:00:00,763] {taskinstance.py:1478} INFO - Bash command returned exit code 99. Skipping.
[2023-04-21 00:00:00,779] {taskinstance.py:1400} INFO - Marking task as SKIPPED. dag_id=example_bash_operator, task_id=this_will_skip, execution_date=20230420T000000, start_date=20230421T000000, end_date=20230421T000000
[2023-04-21 00:00:00,830] {local_task_job.py:156} INFO - Task exited with return code 0
[2023-04-21 00:00:00,870] {local_task_job.py:273} INFO - 0 downstream tasks scheduled from follow-on schedule check
