[2023-04-23 19:50:22,887] {taskinstance.py:1159} INFO - Dependencies all met for <TaskInstance: first_python_dag.first_python_task scheduled__2023-04-22T00:00:00+00:00 [queued]>
[2023-04-23 19:50:22,895] {taskinstance.py:1159} INFO - Dependencies all met for <TaskInstance: first_python_dag.first_python_task scheduled__2023-04-22T00:00:00+00:00 [queued]>
[2023-04-23 19:50:22,895] {taskinstance.py:1356} INFO - 
--------------------------------------------------------------------------------
[2023-04-23 19:50:22,896] {taskinstance.py:1357} INFO - Starting attempt 2 of 2
[2023-04-23 19:50:22,897] {taskinstance.py:1358} INFO - 
--------------------------------------------------------------------------------
[2023-04-23 19:50:22,911] {taskinstance.py:1377} INFO - Executing <Task(PythonOperator): first_python_task> on 2023-04-22 00:00:00+00:00
[2023-04-23 19:50:22,914] {standard_task_runner.py:52} INFO - Started process 70 to run task
[2023-04-23 19:50:22,916] {standard_task_runner.py:79} INFO - Running: ['***', 'tasks', 'run', 'first_python_dag', 'first_python_task', 'scheduled__2023-04-22T00:00:00+00:00', '--job-id', '51', '--raw', '--subdir', 'DAGS_FOLDER/second.py', '--cfg-path', '/tmp/tmpqxe11u6m', '--error-file', '/tmp/tmp0rbfby5g']
[2023-04-23 19:50:22,917] {standard_task_runner.py:80} INFO - Job 51: Subtask first_python_task
[2023-04-23 19:50:22,964] {task_command.py:369} INFO - Running <TaskInstance: first_python_dag.first_python_task scheduled__2023-04-22T00:00:00+00:00 [running]> on host 8eb5d7f952b1
[2023-04-23 19:50:23,029] {taskinstance.py:1571} INFO - Exporting the following env vars:
AIRFLOW_CTX_DAG_OWNER=***
AIRFLOW_CTX_DAG_ID=first_python_dag
AIRFLOW_CTX_TASK_ID=first_python_task
AIRFLOW_CTX_EXECUTION_DATE=2023-04-22T00:00:00+00:00
AIRFLOW_CTX_TRY_NUMBER=2
AIRFLOW_CTX_DAG_RUN_ID=scheduled__2023-04-22T00:00:00+00:00
[2023-04-23 19:50:23,031] {logging_mixin.py:115} INFO - CURRENT DATETIME IS 2023-04-23 19:50:23.031304
[2023-04-23 19:50:23,031] {python.py:173} INFO - Done. Returned value was: None
[2023-04-23 19:50:23,045] {taskinstance.py:1400} INFO - Marking task as SUCCESS. dag_id=first_python_dag, task_id=first_python_task, execution_date=20230422T000000, start_date=20230423T195022, end_date=20230423T195023
[2023-04-23 19:50:23,089] {local_task_job.py:156} INFO - Task exited with return code 0
[2023-04-23 19:50:23,116] {local_task_job.py:273} INFO - 0 downstream tasks scheduled from follow-on schedule check
