[2023-04-20 21:42:53,160] {taskinstance.py:1159} INFO - Dependencies all met for <TaskInstance: example_bash_operator.runme_2 manual__2023-04-20T21:42:51.569802+00:00 [queued]>
[2023-04-20 21:42:53,172] {taskinstance.py:1159} INFO - Dependencies all met for <TaskInstance: example_bash_operator.runme_2 manual__2023-04-20T21:42:51.569802+00:00 [queued]>
[2023-04-20 21:42:53,173] {taskinstance.py:1356} INFO - 
--------------------------------------------------------------------------------
[2023-04-20 21:42:53,173] {taskinstance.py:1357} INFO - Starting attempt 1 of 1
[2023-04-20 21:42:53,174] {taskinstance.py:1358} INFO - 
--------------------------------------------------------------------------------
[2023-04-20 21:42:53,196] {taskinstance.py:1377} INFO - Executing <Task(BashOperator): runme_2> on 2023-04-20 21:42:51.569802+00:00
[2023-04-20 21:42:53,201] {standard_task_runner.py:52} INFO - Started process 182 to run task
[2023-04-20 21:42:53,204] {standard_task_runner.py:79} INFO - Running: ['***', 'tasks', 'run', 'example_bash_operator', 'runme_2', 'manual__2023-04-20T21:42:51.569802+00:00', '--job-id', '10', '--raw', '--subdir', '/home/***/.local/lib/python3.7/site-packages/***/example_dags/example_bash_operator.py', '--cfg-path', '/tmp/tmpj8h99ud5', '--error-file', '/tmp/tmppgr14j9n']
[2023-04-20 21:42:53,205] {standard_task_runner.py:80} INFO - Job 10: Subtask runme_2
[2023-04-20 21:42:53,274] {task_command.py:369} INFO - Running <TaskInstance: example_bash_operator.runme_2 manual__2023-04-20T21:42:51.569802+00:00 [running]> on host 781293c960a3
[2023-04-20 21:42:53,389] {taskinstance.py:1571} INFO - Exporting the following env vars:
AIRFLOW_CTX_DAG_OWNER=***
AIRFLOW_CTX_DAG_ID=example_bash_operator
AIRFLOW_CTX_TASK_ID=runme_2
AIRFLOW_CTX_EXECUTION_DATE=2023-04-20T21:42:51.569802+00:00
AIRFLOW_CTX_TRY_NUMBER=1
AIRFLOW_CTX_DAG_RUN_ID=manual__2023-04-20T21:42:51.569802+00:00
[2023-04-20 21:42:53,391] {subprocess.py:62} INFO - Tmp dir root location: 
 /tmp
[2023-04-20 21:42:53,392] {subprocess.py:74} INFO - Running command: ['bash', '-c', 'echo "example_bash_operator__runme_2__20230420" && sleep 1']
[2023-04-20 21:42:53,478] {subprocess.py:85} INFO - Output:
[2023-04-20 21:42:53,481] {subprocess.py:92} INFO - example_bash_operator__runme_2__20230420
[2023-04-20 21:42:54,484] {subprocess.py:96} INFO - Command exited with return code 0
[2023-04-20 21:42:54,514] {taskinstance.py:1400} INFO - Marking task as SUCCESS. dag_id=example_bash_operator, task_id=runme_2, execution_date=20230420T214251, start_date=20230420T214253, end_date=20230420T214254
[2023-04-20 21:42:54,541] {local_task_job.py:156} INFO - Task exited with return code 0
[2023-04-20 21:42:54,589] {local_task_job.py:273} INFO - 0 downstream tasks scheduled from follow-on schedule check
