[2023-04-21 00:00:02,383] {taskinstance.py:1159} INFO - Dependencies all met for <TaskInstance: example_bash_operator.run_after_loop scheduled__2023-04-20T00:00:00+00:00 [queued]>
[2023-04-21 00:00:02,391] {taskinstance.py:1159} INFO - Dependencies all met for <TaskInstance: example_bash_operator.run_after_loop scheduled__2023-04-20T00:00:00+00:00 [queued]>
[2023-04-21 00:00:02,392] {taskinstance.py:1356} INFO - 
--------------------------------------------------------------------------------
[2023-04-21 00:00:02,393] {taskinstance.py:1357} INFO - Starting attempt 1 of 1
[2023-04-21 00:00:02,393] {taskinstance.py:1358} INFO - 
--------------------------------------------------------------------------------
[2023-04-21 00:00:02,407] {taskinstance.py:1377} INFO - Executing <Task(BashOperator): run_after_loop> on 2023-04-20 00:00:00+00:00
[2023-04-21 00:00:02,411] {standard_task_runner.py:52} INFO - Started process 6835 to run task
[2023-04-21 00:00:02,413] {standard_task_runner.py:79} INFO - Running: ['***', 'tasks', 'run', 'example_bash_operator', 'run_after_loop', 'scheduled__2023-04-20T00:00:00+00:00', '--job-id', '22', '--raw', '--subdir', '/home/***/.local/lib/python3.7/site-packages/***/example_dags/example_bash_operator.py', '--cfg-path', '/tmp/tmpdkkw7o1k', '--error-file', '/tmp/tmpw18tg7v7']
[2023-04-21 00:00:02,414] {standard_task_runner.py:80} INFO - Job 22: Subtask run_after_loop
[2023-04-21 00:00:02,465] {task_command.py:369} INFO - Running <TaskInstance: example_bash_operator.run_after_loop scheduled__2023-04-20T00:00:00+00:00 [running]> on host 781293c960a3
[2023-04-21 00:00:02,524] {taskinstance.py:1571} INFO - Exporting the following env vars:
AIRFLOW_CTX_DAG_OWNER=***
AIRFLOW_CTX_DAG_ID=example_bash_operator
AIRFLOW_CTX_TASK_ID=run_after_loop
AIRFLOW_CTX_EXECUTION_DATE=2023-04-20T00:00:00+00:00
AIRFLOW_CTX_TRY_NUMBER=1
AIRFLOW_CTX_DAG_RUN_ID=scheduled__2023-04-20T00:00:00+00:00
[2023-04-21 00:00:02,525] {subprocess.py:62} INFO - Tmp dir root location: 
 /tmp
[2023-04-21 00:00:02,526] {subprocess.py:74} INFO - Running command: ['bash', '-c', 'echo 1']
[2023-04-21 00:00:02,533] {subprocess.py:85} INFO - Output:
[2023-04-21 00:00:02,534] {subprocess.py:92} INFO - 1
[2023-04-21 00:00:02,535] {subprocess.py:96} INFO - Command exited with return code 0
[2023-04-21 00:00:02,558] {taskinstance.py:1400} INFO - Marking task as SUCCESS. dag_id=example_bash_operator, task_id=run_after_loop, execution_date=20230420T000000, start_date=20230421T000002, end_date=20230421T000002
[2023-04-21 00:00:02,587] {local_task_job.py:156} INFO - Task exited with return code 0
[2023-04-21 00:00:02,614] {local_task_job.py:273} INFO - 0 downstream tasks scheduled from follow-on schedule check
