[2023-04-22 09:19:06,196] {taskinstance.py:1159} INFO - Dependencies all met for <TaskInstance: first_python_dag.first_python_task scheduled__2023-04-21T00:00:00+00:00 [queued]>
[2023-04-22 09:19:06,203] {taskinstance.py:1159} INFO - Dependencies all met for <TaskInstance: first_python_dag.first_python_task scheduled__2023-04-21T00:00:00+00:00 [queued]>
[2023-04-22 09:19:06,203] {taskinstance.py:1356} INFO - 
--------------------------------------------------------------------------------
[2023-04-22 09:19:06,204] {taskinstance.py:1357} INFO - Starting attempt 1 of 2
[2023-04-22 09:19:06,204] {taskinstance.py:1358} INFO - 
--------------------------------------------------------------------------------
[2023-04-22 09:19:06,217] {taskinstance.py:1377} INFO - Executing <Task(PythonOperator): first_python_task> on 2023-04-21 00:00:00+00:00
[2023-04-22 09:19:06,220] {standard_task_runner.py:52} INFO - Started process 106 to run task
[2023-04-22 09:19:06,222] {standard_task_runner.py:79} INFO - Running: ['***', 'tasks', 'run', 'first_python_dag', 'first_python_task', 'scheduled__2023-04-21T00:00:00+00:00', '--job-id', '22', '--raw', '--subdir', 'DAGS_FOLDER/second.py', '--cfg-path', '/tmp/tmpkbwyxk_i', '--error-file', '/tmp/tmpdzxesh1q']
[2023-04-22 09:19:06,223] {standard_task_runner.py:80} INFO - Job 22: Subtask first_python_task
[2023-04-22 09:19:06,267] {task_command.py:369} INFO - Running <TaskInstance: first_python_dag.first_python_task scheduled__2023-04-21T00:00:00+00:00 [running]> on host 877f888c9ae3
[2023-04-22 09:19:06,324] {taskinstance.py:1571} INFO - Exporting the following env vars:
AIRFLOW_CTX_DAG_OWNER=***
AIRFLOW_CTX_DAG_ID=first_python_dag
AIRFLOW_CTX_TASK_ID=first_python_task
AIRFLOW_CTX_EXECUTION_DATE=2023-04-21T00:00:00+00:00
AIRFLOW_CTX_TRY_NUMBER=1
AIRFLOW_CTX_DAG_RUN_ID=scheduled__2023-04-21T00:00:00+00:00
[2023-04-22 09:19:06,325] {logging_mixin.py:115} INFO - CURRENT DATETIME IS 2023-04-22 09:19:06.325157
[2023-04-22 09:19:06,325] {python.py:173} INFO - Done. Returned value was: None
[2023-04-22 09:19:06,335] {taskinstance.py:1400} INFO - Marking task as SUCCESS. dag_id=first_python_dag, task_id=first_python_task, execution_date=20230421T000000, start_date=20230422T091906, end_date=20230422T091906
[2023-04-22 09:19:06,351] {local_task_job.py:156} INFO - Task exited with return code 0
[2023-04-22 09:19:06,378] {local_task_job.py:273} INFO - 0 downstream tasks scheduled from follow-on schedule check
