[2023-04-21 11:30:18,263] {taskinstance.py:1159} INFO - Dependencies all met for <TaskInstance: first_python_dag.first_python_task scheduled__2023-04-20T00:00:00+00:00 [queued]>
[2023-04-21 11:30:18,273] {taskinstance.py:1159} INFO - Dependencies all met for <TaskInstance: first_python_dag.first_python_task scheduled__2023-04-20T00:00:00+00:00 [queued]>
[2023-04-21 11:30:18,273] {taskinstance.py:1356} INFO - 
--------------------------------------------------------------------------------
[2023-04-21 11:30:18,275] {taskinstance.py:1357} INFO - Starting attempt 1 of 2
[2023-04-21 11:30:18,275] {taskinstance.py:1358} INFO - 
--------------------------------------------------------------------------------
[2023-04-21 11:30:18,289] {taskinstance.py:1377} INFO - Executing <Task(PythonOperator): first_python_task> on 2023-04-20 00:00:00+00:00
[2023-04-21 11:30:18,292] {standard_task_runner.py:52} INFO - Started process 2053 to run task
[2023-04-21 11:30:18,295] {standard_task_runner.py:79} INFO - Running: ['***', 'tasks', 'run', 'first_python_dag', 'first_python_task', 'scheduled__2023-04-20T00:00:00+00:00', '--job-id', '18', '--raw', '--subdir', 'DAGS_FOLDER/second.py', '--cfg-path', '/tmp/tmp1cg50scj', '--error-file', '/tmp/tmph6x4pvew']
[2023-04-21 11:30:18,296] {standard_task_runner.py:80} INFO - Job 18: Subtask first_python_task
[2023-04-21 11:30:18,341] {task_command.py:369} INFO - Running <TaskInstance: first_python_dag.first_python_task scheduled__2023-04-20T00:00:00+00:00 [running]> on host 7b4a1553b0dc
[2023-04-21 11:30:18,403] {taskinstance.py:1571} INFO - Exporting the following env vars:
AIRFLOW_CTX_DAG_OWNER=***
AIRFLOW_CTX_DAG_ID=first_python_dag
AIRFLOW_CTX_TASK_ID=first_python_task
AIRFLOW_CTX_EXECUTION_DATE=2023-04-20T00:00:00+00:00
AIRFLOW_CTX_TRY_NUMBER=1
AIRFLOW_CTX_DAG_RUN_ID=scheduled__2023-04-20T00:00:00+00:00
[2023-04-21 11:30:18,404] {logging_mixin.py:115} INFO - 2023-04-21 11:30:18.404898
[2023-04-21 11:30:18,405] {python.py:173} INFO - Done. Returned value was: None
[2023-04-21 11:30:18,416] {taskinstance.py:1400} INFO - Marking task as SUCCESS. dag_id=first_python_dag, task_id=first_python_task, execution_date=20230420T000000, start_date=20230421T113018, end_date=20230421T113018
[2023-04-21 11:30:18,468] {local_task_job.py:156} INFO - Task exited with return code 0
[2023-04-21 11:30:18,494] {local_task_job.py:273} INFO - 0 downstream tasks scheduled from follow-on schedule check
