[2023-04-21 10:51:21,812] {taskinstance.py:1159} INFO - Dependencies all met for <TaskInstance: First_DAG.bash_task manual__2023-04-21T10:51:20.228530+00:00 [queued]>
[2023-04-21 10:51:21,822] {taskinstance.py:1159} INFO - Dependencies all met for <TaskInstance: First_DAG.bash_task manual__2023-04-21T10:51:20.228530+00:00 [queued]>
[2023-04-21 10:51:21,822] {taskinstance.py:1356} INFO - 
--------------------------------------------------------------------------------
[2023-04-21 10:51:21,823] {taskinstance.py:1357} INFO - Starting attempt 1 of 2
[2023-04-21 10:51:21,823] {taskinstance.py:1358} INFO - 
--------------------------------------------------------------------------------
[2023-04-21 10:51:21,842] {taskinstance.py:1377} INFO - Executing <Task(BashOperator): bash_task> on 2023-04-21 10:51:20.228530+00:00
[2023-04-21 10:51:21,846] {standard_task_runner.py:52} INFO - Started process 142 to run task
[2023-04-21 10:51:21,849] {standard_task_runner.py:79} INFO - Running: ['***', 'tasks', 'run', 'First_DAG', 'bash_task', 'manual__2023-04-21T10:51:20.228530+00:00', '--job-id', '3', '--raw', '--subdir', 'DAGS_FOLDER/first.py', '--cfg-path', '/tmp/tmpdqccxd8f', '--error-file', '/tmp/tmp4abfzfss']
[2023-04-21 10:51:21,850] {standard_task_runner.py:80} INFO - Job 3: Subtask bash_task
[2023-04-21 10:51:21,911] {task_command.py:369} INFO - Running <TaskInstance: First_DAG.bash_task manual__2023-04-21T10:51:20.228530+00:00 [running]> on host 7b4a1553b0dc
[2023-04-21 10:51:22,013] {taskinstance.py:1571} INFO - Exporting the following env vars:
AIRFLOW_CTX_DAG_OWNER=***
AIRFLOW_CTX_DAG_ID=First_DAG
AIRFLOW_CTX_TASK_ID=bash_task
AIRFLOW_CTX_EXECUTION_DATE=2023-04-21T10:51:20.228530+00:00
AIRFLOW_CTX_TRY_NUMBER=1
AIRFLOW_CTX_DAG_RUN_ID=manual__2023-04-21T10:51:20.228530+00:00
[2023-04-21 10:51:22,014] {subprocess.py:62} INFO - Tmp dir root location: 
 /tmp
[2023-04-21 10:51:22,015] {subprocess.py:74} INFO - Running command: ['bash', '-c', "echo 'command executed from BashOperator'"]
[2023-04-21 10:51:22,023] {subprocess.py:85} INFO - Output:
[2023-04-21 10:51:22,025] {subprocess.py:92} INFO - command executed from BashOperator
[2023-04-21 10:51:22,026] {subprocess.py:96} INFO - Command exited with return code 0
[2023-04-21 10:51:22,053] {taskinstance.py:1400} INFO - Marking task as SUCCESS. dag_id=First_DAG, task_id=bash_task, execution_date=20230421T105120, start_date=20230421T105121, end_date=20230421T105122
[2023-04-21 10:51:22,103] {local_task_job.py:156} INFO - Task exited with return code 0
[2023-04-21 10:51:22,142] {local_task_job.py:273} INFO - 1 downstream tasks scheduled from follow-on schedule check
