[2023-04-21 11:05:40,905] {taskinstance.py:1159} INFO - Dependencies all met for <TaskInstance: First_DAG.bash_task manual__2023-04-21T11:05:39.699725+00:00 [queued]>
[2023-04-21 11:05:40,913] {taskinstance.py:1159} INFO - Dependencies all met for <TaskInstance: First_DAG.bash_task manual__2023-04-21T11:05:39.699725+00:00 [queued]>
[2023-04-21 11:05:40,914] {taskinstance.py:1356} INFO - 
--------------------------------------------------------------------------------
[2023-04-21 11:05:40,914] {taskinstance.py:1357} INFO - Starting attempt 1 of 2
[2023-04-21 11:05:40,915] {taskinstance.py:1358} INFO - 
--------------------------------------------------------------------------------
[2023-04-21 11:05:40,929] {taskinstance.py:1377} INFO - Executing <Task(BashOperator): bash_task> on 2023-04-21 11:05:39.699725+00:00
[2023-04-21 11:05:40,933] {standard_task_runner.py:52} INFO - Started process 856 to run task
[2023-04-21 11:05:40,935] {standard_task_runner.py:79} INFO - Running: ['***', 'tasks', 'run', 'First_DAG', 'bash_task', 'manual__2023-04-21T11:05:39.699725+00:00', '--job-id', '12', '--raw', '--subdir', 'DAGS_FOLDER/first.py', '--cfg-path', '/tmp/tmp47t02lxf', '--error-file', '/tmp/tmpxnr4pzxv']
[2023-04-21 11:05:40,936] {standard_task_runner.py:80} INFO - Job 12: Subtask bash_task
[2023-04-21 11:05:40,981] {task_command.py:369} INFO - Running <TaskInstance: First_DAG.bash_task manual__2023-04-21T11:05:39.699725+00:00 [running]> on host 7b4a1553b0dc
[2023-04-21 11:05:41,045] {taskinstance.py:1571} INFO - Exporting the following env vars:
AIRFLOW_CTX_DAG_OWNER=***
AIRFLOW_CTX_DAG_ID=First_DAG
AIRFLOW_CTX_TASK_ID=bash_task
AIRFLOW_CTX_EXECUTION_DATE=2023-04-21T11:05:39.699725+00:00
AIRFLOW_CTX_TRY_NUMBER=1
AIRFLOW_CTX_DAG_RUN_ID=manual__2023-04-21T11:05:39.699725+00:00
[2023-04-21 11:05:41,046] {subprocess.py:62} INFO - Tmp dir root location: 
 /tmp
[2023-04-21 11:05:41,047] {subprocess.py:74} INFO - Running command: ['bash', '-c', "echo 'command executed from BashOperator'"]
[2023-04-21 11:05:41,054] {subprocess.py:85} INFO - Output:
[2023-04-21 11:05:41,055] {subprocess.py:92} INFO - command executed from BashOperator
[2023-04-21 11:05:41,056] {subprocess.py:96} INFO - Command exited with return code 0
[2023-04-21 11:05:41,081] {taskinstance.py:1400} INFO - Marking task as SUCCESS. dag_id=First_DAG, task_id=bash_task, execution_date=20230421T110539, start_date=20230421T110540, end_date=20230421T110541
[2023-04-21 11:05:41,108] {local_task_job.py:156} INFO - Task exited with return code 0
[2023-04-21 11:05:41,144] {local_task_job.py:273} INFO - 1 downstream tasks scheduled from follow-on schedule check
