[2023-04-24 07:29:05,444] {taskinstance.py:1159} INFO - Dependencies all met for <TaskInstance: first_python_dag.first_python_task scheduled__2023-04-23T00:00:00+00:00 [queued]>
[2023-04-24 07:29:05,454] {taskinstance.py:1159} INFO - Dependencies all met for <TaskInstance: first_python_dag.first_python_task scheduled__2023-04-23T00:00:00+00:00 [queued]>
[2023-04-24 07:29:05,454] {taskinstance.py:1356} INFO - 
--------------------------------------------------------------------------------
[2023-04-24 07:29:05,455] {taskinstance.py:1357} INFO - Starting attempt 1 of 2
[2023-04-24 07:29:05,455] {taskinstance.py:1358} INFO - 
--------------------------------------------------------------------------------
[2023-04-24 07:29:05,467] {taskinstance.py:1377} INFO - Executing <Task(PythonOperator): first_python_task> on 2023-04-23 00:00:00+00:00
[2023-04-24 07:29:05,471] {standard_task_runner.py:52} INFO - Started process 73 to run task
[2023-04-24 07:29:05,473] {standard_task_runner.py:79} INFO - Running: ['***', 'tasks', 'run', 'first_python_dag', 'first_python_task', 'scheduled__2023-04-23T00:00:00+00:00', '--job-id', '56', '--raw', '--subdir', 'DAGS_FOLDER/second.py', '--cfg-path', '/tmp/tmp3oco73bt', '--error-file', '/tmp/tmpyd9k480v']
[2023-04-24 07:29:05,474] {standard_task_runner.py:80} INFO - Job 56: Subtask first_python_task
[2023-04-24 07:29:05,520] {task_command.py:369} INFO - Running <TaskInstance: first_python_dag.first_python_task scheduled__2023-04-23T00:00:00+00:00 [running]> on host 8eb5d7f952b1
[2023-04-24 07:29:05,594] {taskinstance.py:1571} INFO - Exporting the following env vars:
AIRFLOW_CTX_DAG_OWNER=***
AIRFLOW_CTX_DAG_ID=first_python_dag
AIRFLOW_CTX_TASK_ID=first_python_task
AIRFLOW_CTX_EXECUTION_DATE=2023-04-23T00:00:00+00:00
AIRFLOW_CTX_TRY_NUMBER=1
AIRFLOW_CTX_DAG_RUN_ID=scheduled__2023-04-23T00:00:00+00:00
[2023-04-24 07:29:05,595] {logging_mixin.py:115} INFO - CURRENT DATETIME IS 2023-04-24 07:29:05.595196
[2023-04-24 07:29:05,595] {python.py:173} INFO - Done. Returned value was: None
[2023-04-24 07:29:05,607] {taskinstance.py:1400} INFO - Marking task as SUCCESS. dag_id=first_python_dag, task_id=first_python_task, execution_date=20230423T000000, start_date=20230424T072905, end_date=20230424T072905
[2023-04-24 07:29:05,646] {local_task_job.py:156} INFO - Task exited with return code 0
[2023-04-24 07:29:05,677] {local_task_job.py:273} INFO - 0 downstream tasks scheduled from follow-on schedule check
