[2023-04-22 09:37:32,292] {taskinstance.py:1159} INFO - Dependencies all met for <TaskInstance: market_data_alphavantage_dag.get_market_data manual__2023-04-22T09:36:20.516292+00:00 [queued]>
[2023-04-22 09:37:32,300] {taskinstance.py:1159} INFO - Dependencies all met for <TaskInstance: market_data_alphavantage_dag.get_market_data manual__2023-04-22T09:36:20.516292+00:00 [queued]>
[2023-04-22 09:37:32,300] {taskinstance.py:1356} INFO - 
--------------------------------------------------------------------------------
[2023-04-22 09:37:32,301] {taskinstance.py:1357} INFO - Starting attempt 2 of 2
[2023-04-22 09:37:32,301] {taskinstance.py:1358} INFO - 
--------------------------------------------------------------------------------
[2023-04-22 09:37:32,315] {taskinstance.py:1377} INFO - Executing <Task(PythonOperator): get_market_data> on 2023-04-22 09:36:20.516292+00:00
[2023-04-22 09:37:32,319] {standard_task_runner.py:52} INFO - Started process 1024 to run task
[2023-04-22 09:37:32,321] {standard_task_runner.py:79} INFO - Running: ['***', 'tasks', 'run', 'market_data_alphavantage_dag', 'get_market_data', 'manual__2023-04-22T09:36:20.516292+00:00', '--job-id', '37', '--raw', '--subdir', 'DAGS_FOLDER/third.py', '--cfg-path', '/tmp/tmphsyfy7t_', '--error-file', '/tmp/tmpnsfdqjc3']
[2023-04-22 09:37:32,322] {standard_task_runner.py:80} INFO - Job 37: Subtask get_market_data
[2023-04-22 09:37:32,370] {task_command.py:369} INFO - Running <TaskInstance: market_data_alphavantage_dag.get_market_data manual__2023-04-22T09:36:20.516292+00:00 [running]> on host 877f888c9ae3
[2023-04-22 09:37:32,432] {taskinstance.py:1571} INFO - Exporting the following env vars:
AIRFLOW_CTX_DAG_OWNER=***
AIRFLOW_CTX_DAG_ID=market_data_alphavantage_dag
AIRFLOW_CTX_TASK_ID=get_market_data
AIRFLOW_CTX_EXECUTION_DATE=2023-04-22T09:36:20.516292+00:00
AIRFLOW_CTX_TRY_NUMBER=2
AIRFLOW_CTX_DAG_RUN_ID=manual__2023-04-22T09:36:20.516292+00:00
[2023-04-22 09:37:32,433] {logging_mixin.py:115} INFO - I
[2023-04-22 09:37:32,434] {logging_mixin.py:115} INFO - https://www.alphavantage.co/query?function=TIME_SERIES_INTRADAY&symbol=I&interval=5min&apikey=AZQ6QOXNR3NDY4N2
[2023-04-22 09:37:36,306] {logging_mixin.py:115} INFO - B
[2023-04-22 09:37:36,307] {logging_mixin.py:115} INFO - https://www.alphavantage.co/query?function=TIME_SERIES_INTRADAY&symbol=B&interval=5min&apikey=AZQ6QOXNR3NDY4N2
[2023-04-22 09:37:37,129] {logging_mixin.py:115} INFO - M
[2023-04-22 09:37:37,130] {logging_mixin.py:115} INFO - https://www.alphavantage.co/query?function=TIME_SERIES_INTRADAY&symbol=M&interval=5min&apikey=AZQ6QOXNR3NDY4N2
[2023-04-22 09:37:37,644] {python.py:173} INFO - Done. Returned value was: None
[2023-04-22 09:37:37,655] {taskinstance.py:1400} INFO - Marking task as SUCCESS. dag_id=market_data_alphavantage_dag, task_id=get_market_data, execution_date=20230422T093620, start_date=20230422T093732, end_date=20230422T093737
[2023-04-22 09:37:37,707] {local_task_job.py:156} INFO - Task exited with return code 0
[2023-04-22 09:37:37,735] {local_task_job.py:273} INFO - 1 downstream tasks scheduled from follow-on schedule check
