[2023-04-20 21:42:53,106] {taskinstance.py:1159} INFO - Dependencies all met for <TaskInstance: example_bash_operator.runme_2 scheduled__2023-04-19T00:00:00+00:00 [queued]>
[2023-04-20 21:42:53,122] {taskinstance.py:1159} INFO - Dependencies all met for <TaskInstance: example_bash_operator.runme_2 scheduled__2023-04-19T00:00:00+00:00 [queued]>
[2023-04-20 21:42:53,123] {taskinstance.py:1356} INFO - 
--------------------------------------------------------------------------------
[2023-04-20 21:42:53,124] {taskinstance.py:1357} INFO - Starting attempt 1 of 1
[2023-04-20 21:42:53,125] {taskinstance.py:1358} INFO - 
--------------------------------------------------------------------------------
[2023-04-20 21:42:53,148] {taskinstance.py:1377} INFO - Executing <Task(BashOperator): runme_2> on 2023-04-19 00:00:00+00:00
[2023-04-20 21:42:53,154] {standard_task_runner.py:52} INFO - Started process 179 to run task
[2023-04-20 21:42:53,156] {standard_task_runner.py:79} INFO - Running: ['***', 'tasks', 'run', 'example_bash_operator', 'runme_2', 'scheduled__2023-04-19T00:00:00+00:00', '--job-id', '5', '--raw', '--subdir', '/home/***/.local/lib/python3.7/site-packages/***/example_dags/example_bash_operator.py', '--cfg-path', '/tmp/tmp5jhoy2cf', '--error-file', '/tmp/tmpphbq0z9e']
[2023-04-20 21:42:53,157] {standard_task_runner.py:80} INFO - Job 5: Subtask runme_2
[2023-04-20 21:42:53,217] {task_command.py:369} INFO - Running <TaskInstance: example_bash_operator.runme_2 scheduled__2023-04-19T00:00:00+00:00 [running]> on host 781293c960a3
[2023-04-20 21:42:53,322] {taskinstance.py:1571} INFO - Exporting the following env vars:
AIRFLOW_CTX_DAG_OWNER=***
AIRFLOW_CTX_DAG_ID=example_bash_operator
AIRFLOW_CTX_TASK_ID=runme_2
AIRFLOW_CTX_EXECUTION_DATE=2023-04-19T00:00:00+00:00
AIRFLOW_CTX_TRY_NUMBER=1
AIRFLOW_CTX_DAG_RUN_ID=scheduled__2023-04-19T00:00:00+00:00
[2023-04-20 21:42:53,325] {subprocess.py:62} INFO - Tmp dir root location: 
 /tmp
[2023-04-20 21:42:53,326] {subprocess.py:74} INFO - Running command: ['bash', '-c', 'echo "example_bash_operator__runme_2__20230419" && sleep 1']
[2023-04-20 21:42:53,341] {subprocess.py:85} INFO - Output:
[2023-04-20 21:42:53,344] {subprocess.py:92} INFO - example_bash_operator__runme_2__20230419
[2023-04-20 21:42:54,346] {subprocess.py:96} INFO - Command exited with return code 0
[2023-04-20 21:42:54,375] {taskinstance.py:1400} INFO - Marking task as SUCCESS. dag_id=example_bash_operator, task_id=runme_2, execution_date=20230419T000000, start_date=20230420T214253, end_date=20230420T214254
[2023-04-20 21:42:54,414] {local_task_job.py:156} INFO - Task exited with return code 0
[2023-04-20 21:42:54,455] {local_task_job.py:273} INFO - 0 downstream tasks scheduled from follow-on schedule check
